<!DOCTYPE html PUBLIC "-//W3C//DTD XHTML 1.1//EN" "https://www.w3.org/TR/xhtml11/DTD/xhtml11.dtd">
<html xmlns="https://www.w3.org/1999/xhtml">
<head>
<meta http-equiv="content-type" content="text/html; charset=UTF-8"/>
<title>TestNG Report</title>
<style type="text/css">table {margin-bottom:10px;border-collapse:collapse;empty-cells:show}th,td {border:1px solid #009;padding:.25em .5em}th {vertical-align:bottom}td {vertical-align:top}table a {font-weight:bold}.stripe td {background-color: #E6EBF9}.num {text-align:right}.passedodd td {background-color: #3F3}.passedeven td {background-color: #0A0}.skippedodd td {background-color: #DDD}.skippedeven td {background-color: #CCC}.failedodd td,.attn {background-color: #F33}.failedeven td,.stripe .attn {background-color: #D00}.stacktrace {white-space:pre;font-family:monospace}.totop {font-size:85%;text-align:center;border-bottom:2px solid #000}.invisible {display:none}</style>
</head>
<body>
<table>
<tr><th>Test</th><th># Passed</th><th># Skipped</th><th># Retried</th><th># Failed</th><th>Time (ms)</th><th>Included Groups</th><th>Excluded Groups</th></tr>
<tr><th colspan="8">InterviewTask_techStalWarts</th></tr>
<tr><td><a href="#t0">Interview Test</a></td><td class="num">1</td><td class="num">0</td><td class="num">0</td><td class="num attn">2</td><td class="num">165,117</td><td></td><td></td></tr>
</table>
<table id='summary'><thead><tr><th>Class</th><th>Method</th><th>Start</th><th>Time (ms)</th></tr></thead><tbody><tr><th colspan="4">InterviewTask_techStalWarts</th></tr></tbody><tbody id="t0"><tr><th colspan="4">Interview Test &#8212; failed</th></tr><tr class="failedeven"><td rowspan="2">com.TechStalWarts.testCase.TC_Protect</td><td><a href="#m0">tc_pro_002</a></td><td rowspan="1">1684761431888</td><td rowspan="1">98512</td></tr><tr class="failedeven"><td><a href="#m1">tc_pro_003</a></td><td rowspan="1">1684761530409</td><td rowspan="1">60589</td></tr><tr><th colspan="4">Interview Test &#8212; passed</th></tr><tr class="passedeven"><td rowspan="1">com.TechStalWarts.testCase.TC_Protect</td><td><a href="#m2">tc_pro_001</a></td><td rowspan="1">1684761426927</td><td rowspan="1">4906</td></tr></tbody>
</table>
<h2>Interview Test</h2><h3 id="m0">com.TechStalWarts.testCase.TC_Protect#tc_pro_002</h3><table class="result"><tr class="param"><th>Parameter #1</th><th>Parameter #2</th></tr><tr class="param stripe"><td>{password=, DOB=, AdharCardNum=, testname=tc_pro_002, PAN=, execute=yes, username=}</td><td>public void com.TechStalWarts.testCase.TC_Protect.tc_pro_002(java.util.Map,java.lang.reflect.Method)</td></tr><tr><th colspan="2">Exception</th></tr><tr><td colspan="2"><div class="stacktrace">org.openqa.selenium.TimeoutException: Expected condition failed: waiting for element to be clickable: By.xpath: //input[@type=&apos;checkbox&apos;] (tried for 50 second(s) with 500 milliseconds interval)
Build info: version: &apos;4.9.0&apos;, revision: &apos;d7057100a6&apos;
System info: os.name: &apos;Windows 10&apos;, os.arch: &apos;amd64&apos;, os.version: &apos;10.0&apos;, java.version: &apos;17.0.7&apos;
Driver info: org.openqa.selenium.chrome.ChromeDriver
Capabilities {acceptInsecureCerts: false, browserName: chrome, browserVersion: 113.0.5672.127, chrome: {chromedriverVersion: 113.0.5672.63 (0e1a4471d5ae..., userDataDir: C:\Users\ts\AppData\Local\T...}, goog:chromeOptions: {debuggerAddress: localhost:65450}, networkConnectionEnabled: false, pageLoadStrategy: normal, platformName: WINDOWS, proxy: Proxy(), se:cdp: ws://localhost:65450/devtoo..., se:cdpVersion: 113.0.5672.127, setWindowRect: true, strictFileInteractability: false, timeouts: {implicit: 0, pageLoad: 300000, script: 30000}, unhandledPromptBehavior: dismiss and notify, webauthn:extension:credBlob: true, webauthn:extension:largeBlob: true, webauthn:extension:minPinLength: true, webauthn:extension:prf: true, webauthn:virtualAuthenticators: true}
Session ID: 94485f01a4c898340beb9b1e6e9eef45
	at org.openqa.selenium.support.ui.WebDriverWait.timeoutException(WebDriverWait.java:87)
	at org.openqa.selenium.support.ui.FluentWait.until(FluentWait.java:231)
	at com.TechStalWarts.pageObjects.BasePage.clickWithCondition(BasePage.java:123)
	at com.JarvisPortfolio.RiskAssessment.clickOnCheckBox(RiskAssessment.java:80)
	at com.TechStalWarts.testCase.TC_Protect.tc_pro_002(TC_Protect.java:37)
	at java.base/java.util.ArrayList.forEach(ArrayList.java:1511)
... Removed 27 stack frames</div></td></tr></table><p class="totop"><a href="#summary">back to summary</a></p>
<h3 id="m1">com.TechStalWarts.testCase.TC_Protect#tc_pro_003</h3><table class="result"><tr class="param"><th>Parameter #1</th><th>Parameter #2</th></tr><tr class="param stripe"><td>{password=, DOB=, AdharCardNum=, testname=tc_pro_003, PAN=, execute=yes, username=}</td><td>public void com.TechStalWarts.testCase.TC_Protect.tc_pro_003(java.util.Map,java.lang.reflect.Method)</td></tr><tr><th colspan="2">Exception</th></tr><tr><td colspan="2"><div class="stacktrace">org.openqa.selenium.TimeoutException: Expected condition failed: waiting for element to be clickable: By.xpath: (//button[text()=&apos;Upload Excel&apos;])[2] (tried for 50 second(s) with 500 milliseconds interval)
Build info: version: &apos;4.9.0&apos;, revision: &apos;d7057100a6&apos;
System info: os.name: &apos;Windows 10&apos;, os.arch: &apos;amd64&apos;, os.version: &apos;10.0&apos;, java.version: &apos;17.0.7&apos;
Driver info: org.openqa.selenium.chrome.ChromeDriver
Capabilities {acceptInsecureCerts: false, browserName: chrome, browserVersion: 113.0.5672.127, chrome: {chromedriverVersion: 113.0.5672.63 (0e1a4471d5ae..., userDataDir: C:\Users\ts\AppData\Local\T...}, goog:chromeOptions: {debuggerAddress: localhost:65450}, networkConnectionEnabled: false, pageLoadStrategy: normal, platformName: WINDOWS, proxy: Proxy(), se:cdp: ws://localhost:65450/devtoo..., se:cdpVersion: 113.0.5672.127, setWindowRect: true, strictFileInteractability: false, timeouts: {implicit: 0, pageLoad: 300000, script: 30000}, unhandledPromptBehavior: dismiss and notify, webauthn:extension:credBlob: true, webauthn:extension:largeBlob: true, webauthn:extension:minPinLength: true, webauthn:extension:prf: true, webauthn:virtualAuthenticators: true}
Session ID: 94485f01a4c898340beb9b1e6e9eef45
	at org.openqa.selenium.support.ui.WebDriverWait.timeoutException(WebDriverWait.java:87)
	at org.openqa.selenium.support.ui.FluentWait.until(FluentWait.java:231)
	at com.TechStalWarts.pageObjects.BasePage.clickWithCondition(BasePage.java:123)
	at com.JarvisPortfolio.SyncPortFolio.clickOnUploadExcel(SyncPortFolio.java:30)
	at com.TechStalWarts.testCase.TC_Protect.tc_pro_003(TC_Protect.java:43)
	at java.base/java.util.ArrayList.forEach(ArrayList.java:1511)
... Removed 27 stack frames</div></td></tr></table><p class="totop"><a href="#summary">back to summary</a></p>
<h3 id="m2">com.TechStalWarts.testCase.TC_Protect#tc_pro_001</h3><table class="result"><tr class="param"><th>Parameter #1</th><th>Parameter #2</th></tr><tr class="param stripe"><td>{password=123, DOB=, AdharCardNum=, testname=tc_pro_001, PAN=, execute=yes, username=kiran.jadhav1993+14@gmail.com}</td><td>public void com.TechStalWarts.testCase.TC_Protect.tc_pro_001(java.util.Map,java.lang.reflect.Method)</td></tr></table><p class="totop"><a href="#summary">back to summary</a></p>
</body>
</html>
